<?xml version="1.0" encoding="UTF-8"?>
<testsuite xmlns:xsi="http://www.w3.org/2001/XMLSchema-instance" xsi:noNamespaceSchemaLocation="https://maven.apache.org/surefire/maven-surefire-plugin/xsd/surefire-test-report-3.0.xsd" version="3.0" name="com.tekmess.snaar.RequisitosFuncionalesTest" time="4.377" tests="10" errors="0" skipped="0" failures="0">
  <properties>
[...]
</properties>
  <testcase name="recuperaContrasenaConCorreoYUsuario" classname="com.tekmess.snaar.RequisitosFuncionalesTest" time="0.835"/>
  <testcase name="registraEmpleadoGeneraCredenciales" classname="com.tekmess.snaar.RequisitosFuncionalesTest" time="0.59"/>
  <testcase name="rechazaCedulaDuplicada" classname="com.tekmess.snaar.RequisitosFuncionalesTest" time="0.002"/>
  <testcase name="generaReporteAnalitico" classname="com.tekmess.snaar.RequisitosFuncionalesTest" time="0.021"/>
  <testcase name="consultaHistorialYAnotaciones" classname="com.tekmess.snaar.RequisitosFuncionalesTest" time="0.006"/>
  <testcase name="cambiaContrasenaConPolitica" classname="com.tekmess.snaar.RequisitosFuncionalesTest" time="1.363"/>
  <testcase name="listaPersonalRegistrado" classname="com.tekmess.snaar.RequisitosFuncionalesTest" time="0.001"/>
  <testcase name="editaEmpleadoExistente" classname="com.tekmess.snaar.RequisitosFuncionalesTest" time="0.0"/>
  <testcase name="eliminaEmpleadoYUsuario" classname="com.tekmess.snaar.RequisitosFuncionalesTest" time="0.262"/>
  <testcase name="inicioSesionPorRolYBloqueo" classname="com.tekmess.snaar.RequisitosFuncionalesTest" time="1.278"/>
</testsuite>